#
# There is insufficient memory for the Java Runtime Environment to continue.
# Native memory allocation (mmap) failed to map 132120576 bytes for Failed to commit area from 0x0000000083800000 to 0x000000008b600000 of length 132120576.
# Possible reasons:
#   The system is out of physical RAM or swap space
#   The process is running with CompressedOops enabled, and the Java Heap may be blocking the growth of the native heap
# Possible solutions:
#   Reduce memory load on the system
#   Increase physical memory or swap space
#   Check if swap backing store is full
#   Decrease Java heap size (-Xmx/-Xms)
#   Decrease number of Java threads
#   Decrease Java thread stack sizes (-Xss)
#   Set larger code cache with -XX:ReservedCodeCacheSize=
# This output file may be truncated or incomplete.
#
#  Out of Memory Error (./src/hotspot/os/windows/os_windows.cpp:3619), pid=13488, tid=5852
#
# JRE version:  (11.0.13+7) (build )
# Java VM: OpenJDK 64-Bit Server VM (11.0.13+7-b1751.19, mixed mode, sharing, tiered, compressed oops, g1 gc, windows-amd64)
# No core dump will be written. Minidumps are not enabled by default on client versions of Windows
#

---------------  S U M M A R Y ------------

Command Line: git4idea.http.GitAskPassApp Username for 'https://github.com': 

Host: Intel(R) Core(TM) i5-1035G1 CPU @ 1.00GHz, 8 cores, 7G,  Windows 11 , 64 bit Build 22000 (10.0.22000.318)
Time: Sun Dec 12 13:52:29 2021 Jerusalem Standard Time elapsed time: 0.009289 seconds (0d 0h 0m 0s)

---------------  T H R E A D  ---------------

Current thread (0x0000024b06ac2000):  JavaThread "Unknown thread" [_thread_in_vm, id=5852, stack(0x000000ad54300000,0x000000ad54400000)]

Stack: [0x000000ad54300000,0x000000ad54400000]
Native frames: (J=compiled Java code, j=interpreted, Vv=VM code, C=native code)
V  [jvm.dll+0x613ada]
V  [jvm.dll+0x799a80]
V  [jvm.dll+0x79b09d]
V  [jvm.dll+0x79b773]
V  [jvm.dll+0x24c4c8]
V  [jvm.dll+0x610b64]
V  [jvm.dll+0x605855]
V  [jvm.dll+0x30aaeb]
V  [jvm.dll+0x30aa5a]
V  [jvm.dll+0x30a932]
V  [jvm.dll+0x30f896]
V  [jvm.dll+0x359293]
V  [jvm.dll+0x359996]
V  [jvm.dll+0x359393]
V  [jvm.dll+0x2e5308]
V  [jvm.dll+0x2e64b7]
V  [jvm.dll+0x7769c7]
V  [jvm.dll+0x7781bc]
V  [jvm.dll+0x366829]
V  [jvm.dll+0x75a52e]
V  [jvm.dll+0x3d4923]
V  [jvm.dll+0x3d6e91]
C  [jli.dll+0x536b]
C  [ucrtbase.dll+0x26c0c]
C  [KERNEL32.DLL+0x154e0]
C  [ntdll.dll+0x485b]


---------------  P R O C E S S  ---------------

Threads class SMR info:
_java_thread_list=0x0000024b068f0180, length=0, elements={
}

Java Threads: ( => current thread )

Other Threads:
  0x0000024b069cd000 GCTaskThread "GC Thread#0" [stack: 0x000000ad54400000,0x000000ad54500000] [id=14060]
  0x0000024b06b07000 ConcurrentGCThread "G1 Main Marker" [stack: 0x000000ad54500000,0x000000ad54600000] [id=4580]
  0x0000024b06b08000 ConcurrentGCThread "G1 Conc#0" [stack: 0x000000ad54600000,0x000000ad54700000] [id=11696]

[error occurred during error reporting (printing all threads), id 0xc0000005, EXCEPTION_ACCESS_VIOLATION (0xc0000005) at pc=0x00007ff9af765b77]

VM state:not at safepoint (not fully initialized)

VM Mutex/Monitor currently owned by a thread:  ([mutex/lock_event])
[0x0000024b06abe1c0] Heap_lock - owner thread: 0x0000024b06ac2000

Heap address: 0x0000000083800000, size: 1992 MB, Compressed Oops mode: Non-zero based: 0x0000000083800000
Narrow klass base: 0x0000000000000000, Narrow klass shift: 0

GC Heap History (0 events):
No events

Deoptimization events (0 events):
No events

Classes redefined (0 events):
No events

Internal exceptions (0 events):
No events

Events (1 events):
Event: 0.005 Loaded shared library C:\Program Files\JetBrains\CLion 2021.2.3\jbr\bin\zip.dll


Dynamic libraries:
0x00007ff744dd0000 - 0x00007ff744dda000 	C:\Program Files\JetBrains\CLion 2021.2.3\jbr\bin\java.exe
0x00007ff9fe0a0000 - 0x00007ff9fe2a7000 	C:\WINDOWS\SYSTEM32\ntdll.dll
0x00007ff9fd130000 - 0x00007ff9fd1ed000 	C:\WINDOWS\System32\KERNEL32.DLL
0x00007ff9fbbb0000 - 0x00007ff9fbf24000 	C:\WINDOWS\System32\KERNELBASE.dll
0x00007ff9fb6a0000 - 0x00007ff9fb7b1000 	C:\WINDOWS\System32\ucrtbase.dll
0x00007ff9de410000 - 0x00007ff9de429000 	C:\Program Files\JetBrains\CLion 2021.2.3\jbr\bin\jli.dll
0x00007ff9dd5e0000 - 0x00007ff9dd5f7000 	C:\Program Files\JetBrains\CLion 2021.2.3\jbr\bin\VCRUNTIME140.dll
0x00007ff9fd8d0000 - 0x00007ff9fda7c000 	C:\WINDOWS\System32\USER32.dll
0x00007ff9de160000 - 0x00007ff9de405000 	C:\WINDOWS\WinSxS\amd64_microsoft.windows.common-controls_6595b64144ccf1df_6.0.22000.120_none_9d947278b86cc467\COMCTL32.dll
0x00007ff9fb8b0000 - 0x00007ff9fb8d6000 	C:\WINDOWS\System32\win32u.dll
0x00007ff9fcc30000 - 0x00007ff9fccd3000 	C:\WINDOWS\System32\msvcrt.dll
0x00007ff9fd0a0000 - 0x00007ff9fd0c9000 	C:\WINDOWS\System32\GDI32.dll
0x00007ff9fb580000 - 0x00007ff9fb692000 	C:\WINDOWS\System32\gdi32full.dll
0x00007ff9fb8e0000 - 0x00007ff9fb97d000 	C:\WINDOWS\System32\msvcp_win.dll
0x00007ff9fdca0000 - 0x00007ff9fdcd1000 	C:\WINDOWS\System32\IMM32.DLL
0x00007ff9dca50000 - 0x00007ff9dcaed000 	C:\Program Files\JetBrains\CLion 2021.2.3\jbr\bin\msvcp140.dll
0x00007ff9af470000 - 0x00007ff9affe6000 	C:\Program Files\JetBrains\CLion 2021.2.3\jbr\bin\server\jvm.dll
0x00007ff9fd820000 - 0x00007ff9fd8cc000 	C:\WINDOWS\System32\ADVAPI32.dll
0x00007ff9fdb10000 - 0x00007ff9fdbad000 	C:\WINDOWS\System32\sechost.dll
0x00007ff9fbfc0000 - 0x00007ff9fc0e1000 	C:\WINDOWS\System32\RPCRT4.dll
0x00007ff9fd090000 - 0x00007ff9fd098000 	C:\WINDOWS\System32\PSAPI.DLL
0x00007ff9ef7a0000 - 0x00007ff9ef7d3000 	C:\WINDOWS\SYSTEM32\WINMM.dll
0x00007ff9f02d0000 - 0x00007ff9f02d9000 	C:\WINDOWS\SYSTEM32\WSOCK32.dll
0x00007ff9e96a0000 - 0x00007ff9e96aa000 	C:\WINDOWS\SYSTEM32\VERSION.dll
0x00007ff9fda80000 - 0x00007ff9fdaef000 	C:\WINDOWS\System32\WS2_32.dll
0x00007ff9fa670000 - 0x00007ff9fa688000 	C:\WINDOWS\SYSTEM32\kernel.appcore.dll
0x00007ff9f02b0000 - 0x00007ff9f02c1000 	C:\Program Files\JetBrains\CLion 2021.2.3\jbr\bin\verify.dll
0x00007ff9f3ee0000 - 0x00007ff9f4101000 	C:\WINDOWS\SYSTEM32\DBGHELP.DLL
0x00007ff9d9ee0000 - 0x00007ff9d9f11000 	C:\WINDOWS\SYSTEM32\dbgcore.DLL
0x00007ff9fb7c0000 - 0x00007ff9fb840000 	C:\WINDOWS\System32\bcryptPrimitives.dll
0x00007ff9ef7e0000 - 0x00007ff9ef809000 	C:\Program Files\JetBrains\CLion 2021.2.3\jbr\bin\java.dll
0x00007ff9e6790000 - 0x00007ff9e679b000 	C:\Program Files\JetBrains\CLion 2021.2.3\jbr\bin\jimage.dll
0x00007ff9de520000 - 0x00007ff9de538000 	C:\Program Files\JetBrains\CLion 2021.2.3\jbr\bin\zip.dll

dbghelp: loaded successfully - version: 4.0.5 - missing functions: none
symbol engine: initialized successfully - sym options: 0x614 - pdb path: .;C:\Program Files\JetBrains\CLion 2021.2.3\jbr\bin;C:\WINDOWS\SYSTEM32;C:\WINDOWS\WinSxS\amd64_microsoft.windows.common-controls_6595b64144ccf1df_6.0.22000.120_none_9d947278b86cc467;C:\Program Files\JetBrains\CLion 2021.2.3\jbr\bin\server

VM Arguments:
java_command: git4idea.http.GitAskPassApp Username for 'https://github.com': 
java_class_path (initial): C:/Program Files/JetBrains/CLion 2021.2.3/plugins/git4idea/lib/git4idea-rt.jar;C:/Program Files/JetBrains/CLion 2021.2.3/lib/3rd-party.jar;C:/Program Files/JetBrains/CLion 2021.2.3/lib/3rd-party-rt.jar
Launcher Type: SUN_STANDARD

[Global flags]
     intx CICompilerCount                          = 4                                         {product} {ergonomic}
     uint ConcGCThreads                            = 2                                         {product} {ergonomic}
     uint G1ConcRefinementThreads                  = 8                                         {product} {ergonomic}
   size_t G1HeapRegionSize                         = 1048576                                   {product} {ergonomic}
    uintx GCDrainStackTargetSize                   = 64                                        {product} {ergonomic}
   size_t InitialHeapSize                          = 132120576                                 {product} {ergonomic}
   size_t MarkStackSize                            = 4194304                                   {product} {ergonomic}
   size_t MaxHeapSize                              = 2088763392                                {product} {ergonomic}
   size_t MinHeapDeltaBytes                        = 1048576                                   {product} {ergonomic}
    uintx NonNMethodCodeHeapSize                   = 5836300                                {pd product} {ergonomic}
    uintx NonProfiledCodeHeapSize                  = 122910970                              {pd product} {ergonomic}
    uintx ProfiledCodeHeapSize                     = 122910970                              {pd product} {ergonomic}
    uintx ReservedCodeCacheSize                    = 251658240                              {pd product} {ergonomic}
     bool SegmentedCodeCache                       = true                                      {product} {ergonomic}
     bool UseCompressedClassPointers               = true                                 {lp64_product} {ergonomic}
     bool UseCompressedOops                        = true                                 {lp64_product} {ergonomic}
     bool UseG1GC                                  = true                                      {product} {ergonomic}
     bool UseLargePagesIndividualAllocation        = false                                  {pd product} {ergonomic}

Logging:
Log output configuration:
 #0: stdout all=warning uptime,level,tags
 #1: stderr all=off uptime,level,tags

Environment Variables:
PATH=C:\Program Files\Git\mingw64\libexec\git-core;C:\Program Files\Git\mingw64\libexec\git-core;C:\Program Files\Git\mingw64\bin;C:\Program Files\Git\usr\bin;C:\Users\noam\bin;C:\Program Files (x86)\VMware\VMware Workstation\bin;C:\Program Files\Common Files\Oracle\Java\javapath;C:\WINDOWS\system32;C:\WINDOWS;C:\WINDOWS\System32\Wbem;C:\WINDOWS\System32\WindowsPowerShell\v1.0;C:\WINDOWS\System32\OpenSSH;C:\Program Files\Git\cmd;C:\Users\noam\AppData\Local\Programs\Python;C:\Users\noam\AppData\Local\Microsoft\WindowsApps;C:\Program Files\JetBrains\IntelliJ IDEA 2021.1.1\bin;C:\Program Files\JetBrains\PyCharm 2021.2.3\bin;C:\Program Files\JetBrains\CLion 2021.2.3\bin
USERNAME=noam
DISPLAY=:0.0
LC_ALL=en_US.UTF-8
OS=Windows_NT
PROCESSOR_IDENTIFIER=Intel64 Family 6 Model 126 Stepping 5, GenuineIntel



---------------  S Y S T E M  ---------------

OS: Windows 11 , 64 bit Build 22000 (10.0.22000.318)
OS uptime: 0 days 1:01 hours
Hyper-V role detected

CPU:total 8 (initial active 8) (4 cores per cpu, 2 threads per core) family 6 model 126 stepping 5 microcode 0xa6, cmov, cx8, fxsr, mmx, sse, sse2, sse3, ssse3, sse4.1, sse4.2, popcnt, avx, avx2, aes, clmul, erms, 3dnowpref, lzcnt, ht, tsc, tscinvbit, bmi1, bmi2, adx, evex, sha, fma

Memory: 4k page, system-wide physical 7967M (2077M free)
TotalPageFile size 10015M (AvailPageFile size 108M)
current process WorkingSet (physical memory assigned to process): 10M, peak: 10M
current process commit charge ("private bytes"): 59M, peak: 185M

vm_info: OpenJDK 64-Bit Server VM (11.0.13+7-b1751.19) for windows-amd64 JRE (11.0.13+7-b1751.19), built on Nov  9 2021 11:31:28 by "" with MS VC++ 14.0 (VS2015)

END.
