The system is: Windows - 10.0.22000 - AMD64
Compiling the C compiler identification source file "CMakeCCompilerId.c" succeeded.
Compiler: C:/Program Files (x86)/Microsoft Visual Studio/2019/Community/VC/Tools/MSVC/14.29.30133/bin/Hostx86/x86/cl.exe 
Build flags: 
Id flags:  

The output was:
0
Microsoft (R) C/C++ Optimizing Compiler Version 19.29.30137 for x86
Copyright (C) Microsoft Corporation.  All rights reserved.

CMakeCCompilerId.c
Microsoft (R) Incremental Linker Version 14.29.30137.0
Copyright (C) Microsoft Corporation.  All rights reserved.

/out:CMakeCCompilerId.exe 
CMakeCCompilerId.obj 


Compilation of the C compiler identification source "CMakeCCompilerId.c" produced "CMakeCCompilerId.exe"

Compilation of the C compiler identification source "CMakeCCompilerId.c" produced "CMakeCCompilerId.obj"

The C compiler identification is MSVC, found in "D:/OneDrive - Bar-Ilan University/C++ Projects/Advanced_Programming_Project/cmake-build-debug-visual-studio/CMakeFiles/3.20.2/CompilerIdC/CMakeCCompilerId.exe"

Compiling the CXX compiler identification source file "CMakeCXXCompilerId.cpp" succeeded.
Compiler: C:/Program Files (x86)/Microsoft Visual Studio/2019/Community/VC/Tools/MSVC/14.29.30133/bin/Hostx86/x86/cl.exe 
Build flags: 
Id flags:  

The output was:
0
Microsoft (R) C/C++ Optimizing Compiler Version 19.29.30137 for x86
Copyright (C) Microsoft Corporation.  All rights reserved.

CMakeCXXCompilerId.cpp
Microsoft (R) Incremental Linker Version 14.29.30137.0
Copyright (C) Microsoft Corporation.  All rights reserved.

/out:CMakeCXXCompilerId.exe 
CMakeCXXCompilerId.obj 


Compilation of the CXX compiler identification source "CMakeCXXCompilerId.cpp" produced "CMakeCXXCompilerId.exe"

Compilation of the CXX compiler identification source "CMakeCXXCompilerId.cpp" produced "CMakeCXXCompilerId.obj"

The CXX compiler identification is MSVC, found in "D:/OneDrive - Bar-Ilan University/C++ Projects/Advanced_Programming_Project/cmake-build-debug-visual-studio/CMakeFiles/3.20.2/CompilerIdCXX/CMakeCXXCompilerId.exe"

Detecting C compiler ABI info compiled with the following output:
Change Dir: D:/OneDrive - Bar-Ilan University/C++ Projects/Advanced_Programming_Project/cmake-build-debug-visual-studio/CMakeFiles/CMakeTmp

Run Build Command(s):nmake -f Makefile /nologo cmTC_ce3ab\fast && 	"C:\Program Files (x86)\Microsoft Visual Studio\2019\Community\VC\Tools\MSVC\14.29.30133\bin\HostX86\x86\nmake.exe"  -f CMakeFiles\cmTC_ce3ab.dir\build.make /nologo -L                  CMakeFiles\cmTC_ce3ab.dir\build
Building C object CMakeFiles/cmTC_ce3ab.dir/CMakeCCompilerABI.c.obj
	"D:\Study\CLion 2021.2.2\bin\cmake\win\bin\cmake.exe" -E cmake_cl_compile_depends --dep-file=CMakeFiles\cmTC_ce3ab.dir\CMakeCCompilerABI.c.obj.d --working-dir="D:\OneDrive - Bar-Ilan University\C++ Projects\Advanced_Programming_Project\cmake-build-debug-visual-studio\CMakeFiles\CMakeTmp" --filter-prefix="" -- C:\PROGRA~2\MICROS~2\2019\COMMUN~1\VC\Tools\MSVC\1429~1.301\bin\Hostx86\x86\cl.exe @C:\Users\user\AppData\Local\Temp\nm19F8.tmp
Linking C executable cmTC_ce3ab.exe
	"D:\Study\CLion 2021.2.2\bin\cmake\win\bin\cmake.exe" -E vs_link_exe --intdir=CMakeFiles\cmTC_ce3ab.dir --rc=C:\PROGRA~2\WI3CF2~1\10\bin\100190~1.0\x86\rc.exe --mt=C:\PROGRA~2\WI3CF2~1\10\bin\100190~1.0\x86\mt.exe --manifests -- C:\PROGRA~2\MICROS~2\2019\COMMUN~1\VC\Tools\MSVC\1429~1.301\bin\Hostx86\x86\link.exe /nologo @CMakeFiles\cmTC_ce3ab.dir\objects1.rsp @C:\Users\user\AppData\Local\Temp\nm1B7F.tmp



Detecting CXX compiler ABI info compiled with the following output:
Change Dir: D:/OneDrive - Bar-Ilan University/C++ Projects/Advanced_Programming_Project/cmake-build-debug-visual-studio/CMakeFiles/CMakeTmp

Run Build Command(s):nmake -f Makefile /nologo cmTC_58f5a\fast && 	"C:\Program Files (x86)\Microsoft Visual Studio\2019\Community\VC\Tools\MSVC\14.29.30133\bin\HostX86\x86\nmake.exe"  -f CMakeFiles\cmTC_58f5a.dir\build.make /nologo -L                  CMakeFiles\cmTC_58f5a.dir\build
Building CXX object CMakeFiles/cmTC_58f5a.dir/CMakeCXXCompilerABI.cpp.obj
	"D:\Study\CLion 2021.2.2\bin\cmake\win\bin\cmake.exe" -E cmake_cl_compile_depends --dep-file=CMakeFiles\cmTC_58f5a.dir\CMakeCXXCompilerABI.cpp.obj.d --working-dir="D:\OneDrive - Bar-Ilan University\C++ Projects\Advanced_Programming_Project\cmake-build-debug-visual-studio\CMakeFiles\CMakeTmp" --filter-prefix="" -- C:\PROGRA~2\MICROS~2\2019\COMMUN~1\VC\Tools\MSVC\1429~1.301\bin\Hostx86\x86\cl.exe @C:\Users\user\AppData\Local\Temp\nm1EF9.tmp
Linking CXX executable cmTC_58f5a.exe
	"D:\Study\CLion 2021.2.2\bin\cmake\win\bin\cmake.exe" -E vs_link_exe --intdir=CMakeFiles\cmTC_58f5a.dir --rc=C:\PROGRA~2\WI3CF2~1\10\bin\100190~1.0\x86\rc.exe --mt=C:\PROGRA~2\WI3CF2~1\10\bin\100190~1.0\x86\mt.exe --manifests -- C:\PROGRA~2\MICROS~2\2019\COMMUN~1\VC\Tools\MSVC\1429~1.301\bin\Hostx86\x86\link.exe /nologo @CMakeFiles\cmTC_58f5a.dir\objects1.rsp @C:\Users\user\AppData\Local\Temp\nm1F58.tmp



